<?xml version="1.0" encoding="UTF-8"?>
<!-- Generated by org.testng.reporters.JUnitXMLReporter -->
<testsuite hostname="DESKTOP-SBO3NDJ" name="Test Case" tests="10" failures="1" timestamp="30 May 2023 21:11:46 GMT" time="135.157" errors="0">
  <testcase name="correctLoginTest" time="6.123" classname="com.automationexercise.testCases.TC_CorrectLogin_002"/>
  <testcase name="inCorrectLoginTest" time="4.202" classname="com.automationexercise.testCases.TC_InCorrectLogin_003"/>
  <testcase name="registerExistingUserTest" time="3.688" classname="com.automationexercise.testCases.TC_RegisterExistingUser_005"/>
  <testcase name="ContactPageTest" time="13.388" classname="com.automationexercise.testCases.TC_VerifyContactForm_006"/>
  <testcase name="productPageSearchProduct" time="14.224" classname="com.automationexercise.testCases.TC_SearchAndProductAddToCart_008"/>
  <testcase name="productPageVerifySearchProductName" time="15.622" classname="com.automationexercise.testCases.TC_SearchAndProductAddToCart_008"/>
  <testcase name="clickAddToCart" time="20.467" classname="com.automationexercise.testCases.TC_SearchAndProductAddToCart_008"/>
  <testcase name="viewCartProduct" time="5.63" classname="com.automationexercise.testCases.TC_SearchAndProductAddToCart_008"/>
  <testcase name="countProductQtyInCart" time="6.423" classname="com.automationexercise.testCases.TC_VerifyProductQtyInCart_009">
    <failure type="org.openqa.selenium.NoSuchElementException" message="no such element: Unable to locate element: {&amp;quot;method&amp;quot;:&amp;quot;xpath&amp;quot;,&amp;quot;selector&amp;quot;:&amp;quot;//*[@id=&amp;apos;quantity&amp;apos;]&amp;quot;}
  (Session info: chrome=113.0.5672.127)
For documentation on this error, please visit: https://selenium.dev/exceptions/#no_such_element
Build info: version: &amp;apos;4.9.1&amp;apos;, revision: &amp;apos;eb2032df7f&amp;apos;
System info: os.name: &amp;apos;Windows 10&amp;apos;, os.arch: &amp;apos;amd64&amp;apos;, os.version: &amp;apos;10.0&amp;apos;, java.version: &amp;apos;1.8.0_351&amp;apos;
Driver info: org.openqa.selenium.chrome.ChromeDriver
Command: [ff6661dba393d390651500391844af96, findElement {using=xpath, value=//*[@id=&amp;apos;quantity&amp;apos;]}]
Capabilities {acceptInsecureCerts: false, browserName: chrome, browserVersion: 113.0.5672.127, chrome: {chromedriverVersion: 113.0.5672.63 (0e1a4471d5ae..., userDataDir: C:\Users\harsh\AppData\Loca...}, goog:chromeOptions: {debuggerAddress: localhost:57865}, networkConnectionEnabled: false, pageLoadStrategy: normal, platformName: windows, proxy: Proxy(), se:cdp: ws://localhost:57865/devtoo..., se:cdpVersion: 113.0.5672.127, setWindowRect: true, strictFileInteractability: false, timeouts: {implicit: 0, pageLoad: 300000, script: 30000}, unhandledPromptBehavior: dismiss and notify, webauthn:extension:credBlob: true, webauthn:extension:largeBlob: true, webauthn:extension:minPinLength: true, webauthn:extension:prf: true, webauthn:virtualAuthenticators: true}
Session ID: ff6661dba393d390651500391844af96">
      <![CDATA[org.openqa.selenium.NoSuchElementException: no such element: Unable to locate element: {"method":"xpath","selector":"//*[@id='quantity']"}
  (Session info: chrome=113.0.5672.127)
For documentation on this error, please visit: https://selenium.dev/exceptions/#no_such_element
Build info: version: '4.9.1', revision: 'eb2032df7f'
System info: os.name: 'Windows 10', os.arch: 'amd64', os.version: '10.0', java.version: '1.8.0_351'
Driver info: org.openqa.selenium.chrome.ChromeDriver
Command: [ff6661dba393d390651500391844af96, findElement {using=xpath, value=//*[@id='quantity']}]
Capabilities {acceptInsecureCerts: false, browserName: chrome, browserVersion: 113.0.5672.127, chrome: {chromedriverVersion: 113.0.5672.63 (0e1a4471d5ae..., userDataDir: C:\Users\harsh\AppData\Loca...}, goog:chromeOptions: {debuggerAddress: localhost:57865}, networkConnectionEnabled: false, pageLoadStrategy: normal, platformName: windows, proxy: Proxy(), se:cdp: ws://localhost:57865/devtoo..., se:cdpVersion: 113.0.5672.127, setWindowRect: true, strictFileInteractability: false, timeouts: {implicit: 0, pageLoad: 300000, script: 30000}, unhandledPromptBehavior: dismiss and notify, webauthn:extension:credBlob: true, webauthn:extension:largeBlob: true, webauthn:extension:minPinLength: true, webauthn:extension:prf: true, webauthn:virtualAuthenticators: true}
Session ID: ff6661dba393d390651500391844af96
	at org.openqa.selenium.remote.codec.w3c.W3CHttpResponseCodec.createException(W3CHttpResponseCodec.java:200)
	at org.openqa.selenium.remote.codec.w3c.W3CHttpResponseCodec.decode(W3CHttpResponseCodec.java:133)
	at org.openqa.selenium.remote.codec.w3c.W3CHttpResponseCodec.decode(W3CHttpResponseCodec.java:53)
	at org.openqa.selenium.remote.HttpCommandExecutor.execute(HttpCommandExecutor.java:193)
	at org.openqa.selenium.remote.service.DriverCommandExecutor.invokeExecute(DriverCommandExecutor.java:183)
	at org.openqa.selenium.remote.service.DriverCommandExecutor.execute(DriverCommandExecutor.java:158)
	at org.openqa.selenium.remote.RemoteWebDriver.execute(RemoteWebDriver.java:543)
	at org.openqa.selenium.remote.ElementLocation$ElementFinder$2.findElement(ElementLocation.java:162)
	at org.openqa.selenium.remote.ElementLocation.findElement(ElementLocation.java:60)
	at org.openqa.selenium.remote.RemoteWebDriver.findElement(RemoteWebDriver.java:352)
	at org.openqa.selenium.remote.RemoteWebDriver.findElement(RemoteWebDriver.java:344)
	at org.openqa.selenium.support.pagefactory.DefaultElementLocator.findElement(DefaultElementLocator.java:70)
	at org.openqa.selenium.support.pagefactory.internal.LocatingElementHandler.invoke(LocatingElementHandler.java:39)
	at com.sun.proxy.$Proxy20.clear(Unknown Source)
	at com.automationexercise.pageObjects.ProductPage.increaseProductQuantity(ProductPage.java:162)
	at com.automationexercise.testCases.TC_VerifyProductQtyInCart_009.countProductQtyInCart(TC_VerifyProductQtyInCart_009.java:22)
... Removed 28 stack frames]]>
    </failure>
  </testcase> <!-- countProductQtyInCart -->
  <testcase name="productDetail" time="6.868" classname="com.automationexercise.testCases.TC_ViewProductPage_VerifyProductDetails_010"/>
</testsuite> <!-- Test Case -->
